<?xml version="1.0" encoding="UTF-8"?>
<!-- Generated by org.testng.reporters.JUnitReportReporter -->
<testsuite hostname="NC1SMRDEV26" failures="0" tests="1" name="test_test.Login_test" time="20.604" errors="0" timestamp="2021-03-16T18:06:56 EET" skipped="0">
  <testcase classname="test_test.Login_test" name="TW_11" time="20.604"/>
  <system-out/>
</testsuite> <!-- test_test.Login_test -->
